{"content": {"suites": {"0": {"status": {"total_pass": 0, "total_skip": 0, "total_xpass": 0, "total_xfail": 0, "total_rerun": 0, "total_fail": 1, "total_error": 0}, "tests": {"0": {"status": "FAIL", "message": "   selenium.common.exceptions.ElementNotInteractableException: Message: element not interactable\n     (Session info: headless chrome=112.0.5615.138)\n   Stacktrace:\n   Backtrace:\n   \tGetHandleVerifier [0x00FEDCE3+50899]\n   \t(No symbol) [0x00F7E111]\n   \t(No symbol) [0x00E85450]\n   \t(No symbol) [0x00EAC706]\n   \t(No symbol) [0x00EABFD0]\n   \t(No symbol) [0x00ECB8FC]\n   \t(No symbol) [0x00EA8EC6]\n   \t(No symbol) [0x00ECBC54]\n   \t(No symbol) [0x00EDE01C]\n   \t(No symbol) [0x00ECB6F6]\n   \t(No symbol) [0x00EA7708]\n   \t(No symbol) [0x00EA886D]\n   \tGetHandleVerifier [0x01253EAE+2566302]\n   \tGetHandleVerifier [0x012892B1+2784417]\n   \tGetHandleVerifier [0x0128327C+2759788]\n   \tGetHandleVerifier [0x01085740+672048]\n   \t(No symbol) [0x00F88872]\n   \t(No symbol) [0x00F841C8]\n   \t(No symbol) [0x00F842AB]\n   \t(No symbol) [0x00F771B7]\n   \tBaseThreadInitThunk [0x76920099+25]\n   \tRtlGetAppContainerNamedObjectPath [0x76FA7B6E+286]\n   \tRtlGetAppContainerNamedObjectPath [0x76FA7B3E+238]\n", "test_name": "test_emp_search", "rerun": "0"}}, "suite_name": "testCases/test_EmpSearch.py"}, "1": {"suite_name": "testCases/test_addemp.py", "tests": {"0": {"status": "PASS", "message": "", "test_name": "test_add_emp", "rerun": "0"}}, "status": {"total_pass": 1, "total_skip": 0, "total_xpass": 0, "total_xfail": 0, "total_rerun": 0, "total_fail": 0, "total_error": 0}}, "2": {"suite_name": "testCases/test_addemp_param.py", "tests": {"0": {"status": "PASS", "message": "", "test_name": "test_add_emp[getdataforaddemp0]", "rerun": "0"}, "1": {"status": "PASS", "message": "", "test_name": "test_add_emp[getdataforaddemp1]", "rerun": "0"}, "2": {"status": "PASS", "message": "", "test_name": "test_add_emp[getdataforaddemp2]", "rerun": "0"}, "3": {"status": "PASS", "message": "", "test_name": "test_add_emp[getdataforaddemp3]", "rerun": "0"}, "4": {"status": "FAIL", "message": "   selenium.common.exceptions.TimeoutException: Message: \n   Stacktrace:\n   Backtrace:\n   \tGetHandleVerifier [0x00FEDCE3+50899]\n   \t(No symbol) [0x00F7E111]\n   \t(No symbol) [0x00E85588]\n   \t(No symbol) [0x00EB08F9]\n   \t(No symbol) [0x00EB0AFB]\n   \t(No symbol) [0x00EDF902]\n   \t(No symbol) [0x00ECB944]\n   \t(No symbol) [0x00EDE01C]\n   \t(No symbol) [0x00ECB6F6]\n   \t(No symbol) [0x00EA7708]\n   \t(No symbol) [0x00EA886D]\n   \tGetHandleVerifier [0x01253EAE+2566302]\n   \tGetHandleVerifier [0x012892B1+2784417]\n   \tGetHandleVerifier [0x0128327C+2759788]\n   \tGetHandleVerifier [0x01085740+672048]\n   \t(No symbol) [0x00F88872]\n   \t(No symbol) [0x00F841C8]\n   \t(No symbol) [0x00F842AB]\n   \t(No symbol) [0x00F771B7]\n   \tBaseThreadInitThunk [0x76920099+25]\n   \tRtlGetAppContainerNamedObjectPath [0x76FA7B6E+286]\n   \tRtlGetAppContainerNamedObjectPath [0x76FA7B3E+238]\n", "test_name": "test_add_emp[getdataforaddemp4]", "rerun": "0"}}, "status": {"total_pass": 4, "total_skip": 0, "total_xpass": 0, "total_xfail": 0, "total_rerun": 0, "total_fail": 1, "total_error": 0}}, "3": {"suite_name": "testCases/test_addemp_tdd.py", "tests": {"0": {"status": "FAIL", "message": "       AttributeError: 'Test_Login' object has no attribute 'confirmpassword'\n", "test_name": "test_add_emp", "rerun": "0"}}, "status": {"total_pass": 0, "total_skip": 0, "total_xpass": 0, "total_xfail": 0, "total_rerun": 0, "total_fail": 1, "total_error": 0}}, "4": {"suite_name": "testCases/test_login.py", "tests": {"0": {"status": "PASS", "message": "", "test_name": "test_home_page_title", "rerun": "0"}, "1": {"status": "PASS", "message": "", "test_name": "test_login", "rerun": "0"}}, "status": {"total_pass": 2, "total_skip": 0, "total_xpass": 0, "total_xfail": 0, "total_rerun": 0, "total_fail": 0, "total_error": 0}}, "5": {"suite_name": "testCases/test_login_param.py", "tests": {"0": {"status": "PASS", "message": "", "test_name": "test_login[getdataforlogin0]", "rerun": "0"}, "1": {"status": "PASS", "message": "", "test_name": "test_login[getdataforlogin1]", "rerun": "0"}, "2": {"status": "PASS", "message": "", "test_name": "test_login[getdataforlogin2]", "rerun": "0"}, "3": {"status": "PASS", "message": "", "test_name": "test_login[getdataforlogin3]", "rerun": "0"}}, "status": {"total_pass": 4, "total_skip": 0, "total_xpass": 0, "total_xfail": 0, "total_rerun": 0, "total_fail": 0, "total_error": 0}}}}, "date": "April 29, 2023", "start_time": 1682769904.6432724, "total_suite": 6, "status": "FAIL", "status_list": {"pass": "11", "fail": "3", "skip": "0", "error": "0", "xpass": "0", "xfail": "0", "rerun": "0"}, "total_tests": "14"}