{"name": "test_add_emp[getdataforaddemp4]", "status": "broken", "statusDetails": {"message": "selenium.common.exceptions.TimeoutException: Message: \nStacktrace:\nBacktrace:\n\tGetHandleVerifier [0x00FEDCE3+50899]\n\t(No symbol) [0x00F7E111]\n\t(No symbol) [0x00E85588]\n\t(No symbol) [0x00EB08F9]\n\t(No symbol) [0x00EB0AFB]\n\t(No symbol) [0x00EDF902]\n\t(No symbol) [0x00ECB944]\n\t(No symbol) [0x00EDE01C]\n\t(No symbol) [0x00ECB6F6]\n\t(No symbol) [0x00EA7708]\n\t(No symbol) [0x00EA886D]\n\tGetHandleVerifier [0x01253EAE+2566302]\n\tGetHandleVerifier [0x012892B1+2784417]\n\tGetHandleVerifier [0x0128327C+2759788]\n\tGetHandleVerifier [0x01085740+672048]\n\t(No symbol) [0x00F88872]\n\t(No symbol) [0x00F841C8]\n\t(No symbol) [0x00F842AB]\n\t(No symbol) [0x00F771B7]\n\tBaseThreadInitThunk [0x76920099+25]\n\tRtlGetAppContainerNamedObjectPath [0x76FA7B6E+286]\n\tRtlGetAppContainerNamedObjectPath [0x76FA7B3E+238]", "trace": "self = <testCases.test_addemp_param.Test_Login object at 0x000001F776E712D0>\nsetup = <selenium.webdriver.chrome.webdriver.WebDriver (session=\"8728ec5c4036d8117ea8da692ba9c967\")>, random_generator = 'x5eixgnl'\ngetdataforaddemp = ('Yaseen', 'Dastagir', 'Syed', '1021', 'Yaseen123@credence.com', 'YaseenQq@12345')\n\n    @pytest.mark.test6\n    def test_add_emp(self, setup, random_generator,getdataforaddemp):\n        self.driver = setup\n        self.log.info(\"Test case Started\")\n        self.log.info(\" Test case  Opneing url -->\" + self.baseUrl)\n        self.driver.get(self.baseUrl)\n        self.lg = LoginPageClass(self.driver)\n        # time.sleep(2)\n>       self.lg.setemail(self.username)\n\ntestCases\\test_addemp_param.py:34: \n_ _ _ _ _ _ _ _ _ _ _ _ _ _ _ _ _ _ _ _ _ _ _ _ _ _ _ _ _ _ _ _ _ _ _ _ _ _ _ _ _ _ _ _ _ _ _ _ _ _ _ _ _ _ _ _ _ _ _ _ _ _ _ _ _ _ _ _ _ _ _ _ _ _\npageObjects\\LoginPage.py:26: in setemail\n    element = self.wait.until(EC.presence_of_element_located(\n_ _ _ _ _ _ _ _ _ _ _ _ _ _ _ _ _ _ _ _ _ _ _ _ _ _ _ _ _ _ _ _ _ _ _ _ _ _ _ _ _ _ _ _ _ _ _ _ _ _ _ _ _ _ _ _ _ _ _ _ _ _ _ _ _ _ _ _ _ _ _ _ _ _\n\nself = <selenium.webdriver.support.wait.WebDriverWait (session=\"8728ec5c4036d8117ea8da692ba9c967\")>\nmethod = <function presence_of_element_located.<locals>._predicate at 0x000001F776EC6C00>, message = ''\n\n    def until(self, method, message: str = \"\"):\n        \"\"\"Calls the method provided with the driver as an argument until the \\\n        return value does not evaluate to ``False``.\n    \n        :param method: callable(WebDriver)\n        :param message: optional message for :exc:`TimeoutException`\n        :returns: the result of the last call to `method`\n        :raises: :exc:`selenium.common.exceptions.TimeoutException` if timeout occurs\n        \"\"\"\n        screen = None\n        stacktrace = None\n    \n        end_time = time.monotonic() + self._timeout\n        while True:\n            try:\n                value = method(self._driver)\n                if value:\n                    return value\n            except self._ignored_exceptions as exc:\n                screen = getattr(exc, \"screen\", None)\n                stacktrace = getattr(exc, \"stacktrace\", None)\n            time.sleep(self._poll)\n            if time.monotonic() > end_time:\n                break\n>       raise TimeoutException(message, screen, stacktrace)\nE       selenium.common.exceptions.TimeoutException: Message: \nE       Stacktrace:\nE       Backtrace:\nE       \tGetHandleVerifier [0x00FEDCE3+50899]\nE       \t(No symbol) [0x00F7E111]\nE       \t(No symbol) [0x00E85588]\nE       \t(No symbol) [0x00EB08F9]\nE       \t(No symbol) [0x00EB0AFB]\nE       \t(No symbol) [0x00EDF902]\nE       \t(No symbol) [0x00ECB944]\nE       \t(No symbol) [0x00EDE01C]\nE       \t(No symbol) [0x00ECB6F6]\nE       \t(No symbol) [0x00EA7708]\nE       \t(No symbol) [0x00EA886D]\nE       \tGetHandleVerifier [0x01253EAE+2566302]\nE       \tGetHandleVerifier [0x012892B1+2784417]\nE       \tGetHandleVerifier [0x0128327C+2759788]\nE       \tGetHandleVerifier [0x01085740+672048]\nE       \t(No symbol) [0x00F88872]\nE       \t(No symbol) [0x00F841C8]\nE       \t(No symbol) [0x00F842AB]\nE       \t(No symbol) [0x00F771B7]\nE       \tBaseThreadInitThunk [0x76920099+25]\nE       \tRtlGetAppContainerNamedObjectPath [0x76FA7B6E+286]\nE       \tRtlGetAppContainerNamedObjectPath [0x76FA7B3E+238]\n\nC:\\Python\\Lib\\site-packages\\selenium\\webdriver\\support\\wait.py:95: TimeoutException"}, "attachments": [{"name": "log", "source": "af9d7496-74c1-42be-ae19-64e970cce26a-attachment.txt", "type": "text/plain"}], "parameters": [{"name": "getdataforaddemp", "value": "('Yaseen', 'Dastagir', 'Syed', '1021', 'Yaseen123@credence.com', 'YaseenQq@12345')"}], "start": 1682769773959, "stop": 1682769786653, "uuid": "d6f1a4d7-9f30-4c1f-94ea-0d913e680d9b", "historyId": "2549fea5a4338604411326eaa94a08dd", "testCaseId": "ac2b06665d286eebde48b2658ccd1d9c", "fullName": "testCases.test_addemp_param.Test_Login#test_add_emp", "labels": [{"name": "tag", "value": "test6"}, {"name": "parentSuite", "value": "testCases"}, {"name": "suite", "value": "test_addemp_param"}, {"name": "subSuite", "value": "Test_Login"}, {"name": "host", "value": "Tushar-Pc"}, {"name": "thread", "value": "30732-MainThread"}, {"name": "framework", "value": "pytest"}, {"name": "language", "value": "cpython3"}, {"name": "package", "value": "testCases.test_addemp_param"}]}